0 verbose cli /usr/bin/node /tmp/npm/package/bin/npm-cli.js
1 info using npm@10.5.0
2 info using node@v25.6.1
3 timing npm:load:whichnode Completed in 2ms
4 timing config:load:defaults Completed in 3ms
5 timing config:load:file:/tmp/npm/package/npmrc Completed in 0ms
6 timing config:load:builtin Completed in 1ms
7 timing config:load:cli Completed in 4ms
8 timing config:load:env Completed in 0ms
9 timing config:load:file:/home/fentyx/lingo/.npmrc Completed in 1ms
10 timing config:load:project Completed in 2ms
11 timing config:load:file:/home/fentyx/.npmrc Completed in 0ms
12 timing config:load:user Completed in 0ms
13 timing config:load:file:/usr/etc/npmrc Completed in 0ms
14 timing config:load:global Completed in 1ms
15 timing config:load:setEnvs Completed in 1ms
16 timing config:load Completed in 15ms
17 timing npm:load:configload Completed in 15ms
18 timing config:load:flatten Completed in 6ms
19 timing npm:load:mkdirpcache Completed in 2ms
20 timing npm:load:mkdirplogs Completed in 1ms
21 verbose title npm install
22 verbose argv "install" "--cache" "/home/fentyx/lingo/.npm-cache" "--include" "dev"
23 timing npm:load:setTitle Completed in 1ms
24 timing npm:load:display Completed in 1ms
25 verbose logfile logs-max:10 dir:/home/fentyx/lingo/.npm-cache/_logs/2026-03-13T12_13_42_382Z-
26 verbose logfile /home/fentyx/lingo/.npm-cache/_logs/2026-03-13T12_13_42_382Z-debug-0.log
27 timing npm:load:logFile Completed in 16ms
28 timing npm:load:timers Completed in 0ms
29 timing npm:load:configScope Completed in 0ms
30 timing npm:load Completed in 59ms
31 timing arborist:ctor Completed in 2ms
32 silly logfile done cleaning log files
33 timing idealTree:init Completed in 61ms
34 timing idealTree:userRequests Completed in 0ms
35 silly idealTree buildDeps
36 timing idealTree:#root Completed in 1ms
37 timing idealTree:buildDeps Completed in 3ms
38 timing idealTree:fixDepFlags Completed in 0ms
39 timing idealTree Completed in 70ms
40 timing arborist:ctor Completed in 0ms
41 timing reify:loadTrees Completed in 92ms
42 timing reify:diffTrees Completed in 6ms
43 silly reify moves {}
44 timing reify:retireShallow Completed in 1ms
45 timing reify:createSparse Completed in 4ms
46 timing reify:loadBundles Completed in 0ms
47 silly audit bulk request {
47 silly audit   '@next/env': [ '14.2.0' ],
47 silly audit   '@next/swc-darwin-arm64': [ '14.2.0' ],
47 silly audit   '@next/swc-darwin-x64': [ '14.2.0' ],
47 silly audit   '@next/swc-linux-arm64-gnu': [ '14.2.0' ],
47 silly audit   '@next/swc-linux-arm64-musl': [ '14.2.0' ],
47 silly audit   '@next/swc-linux-x64-gnu': [ '14.2.0' ],
47 silly audit   '@next/swc-linux-x64-musl': [ '14.2.0' ],
47 silly audit   '@next/swc-win32-arm64-msvc': [ '14.2.0' ],
47 silly audit   '@next/swc-win32-ia32-msvc': [ '14.2.0' ],
47 silly audit   '@next/swc-win32-x64-msvc': [ '14.2.0' ],
47 silly audit   '@swc/counter': [ '0.1.3' ],
47 silly audit   '@swc/helpers': [ '0.5.5' ],
47 silly audit   '@types/node': [ '20.19.37' ],
47 silly audit   '@types/prop-types': [ '15.7.15' ],
47 silly audit   '@types/react': [ '18.3.28' ],
47 silly audit   '@types/react-dom': [ '18.3.7' ],
47 silly audit   busboy: [ '1.6.0' ],
47 silly audit   'caniuse-lite': [ '1.0.30001778' ],
47 silly audit   'client-only': [ '0.0.1' ],
47 silly audit   csstype: [ '3.2.3' ],
47 silly audit   'graceful-fs': [ '4.2.11' ],
47 silly audit   'js-tokens': [ '4.0.0' ],
47 silly audit   'loose-envify': [ '1.4.0' ],
47 silly audit   nanoid: [ '3.3.11' ],
47 silly audit   next: [ '14.2.0' ],
47 silly audit   picocolors: [ '1.1.1' ],
47 silly audit   postcss: [ '8.4.31' ],
47 silly audit   react: [ '18.3.1' ],
47 silly audit   'react-dom': [ '18.3.1' ],
47 silly audit   scheduler: [ '0.23.2' ],
47 silly audit   'source-map-js': [ '1.2.1' ],
47 silly audit   streamsearch: [ '1.1.0' ],
47 silly audit   'styled-jsx': [ '5.1.1' ],
47 silly audit   tslib: [ '2.8.1' ],
47 silly audit   typescript: [ '5.9.3' ],
47 silly audit   'undici-types': [ '6.21.0' ]
47 silly audit }
48 verbose reify failed optional dependency /home/fentyx/lingo/node_modules/@next/swc-win32-x64-msvc
49 silly reify mark deleted [ '/home/fentyx/lingo/node_modules/@next/swc-win32-x64-msvc' ]
50 verbose reify failed optional dependency /home/fentyx/lingo/node_modules/@next/swc-win32-ia32-msvc
51 silly reify mark deleted [ '/home/fentyx/lingo/node_modules/@next/swc-win32-ia32-msvc' ]
52 verbose reify failed optional dependency /home/fentyx/lingo/node_modules/@next/swc-win32-arm64-msvc
53 silly reify mark deleted [ '/home/fentyx/lingo/node_modules/@next/swc-win32-arm64-msvc' ]
54 verbose reify failed optional dependency /home/fentyx/lingo/node_modules/@next/swc-linux-arm64-musl
55 silly reify mark deleted [ '/home/fentyx/lingo/node_modules/@next/swc-linux-arm64-musl' ]
56 verbose reify failed optional dependency /home/fentyx/lingo/node_modules/@next/swc-linux-arm64-gnu
57 silly reify mark deleted [ '/home/fentyx/lingo/node_modules/@next/swc-linux-arm64-gnu' ]
58 verbose reify failed optional dependency /home/fentyx/lingo/node_modules/@next/swc-darwin-x64
59 silly reify mark deleted [ '/home/fentyx/lingo/node_modules/@next/swc-darwin-x64' ]
60 verbose reify failed optional dependency /home/fentyx/lingo/node_modules/@next/swc-darwin-arm64
61 silly reify mark deleted [ '/home/fentyx/lingo/node_modules/@next/swc-darwin-arm64' ]
62 timing reifyNode:node_modules/@next/swc-win32-x64-msvc Completed in 47ms
63 timing reifyNode:node_modules/@next/swc-win32-ia32-msvc Completed in 47ms
64 timing reifyNode:node_modules/@next/swc-win32-arm64-msvc Completed in 47ms
65 timing reifyNode:node_modules/@next/swc-linux-arm64-musl Completed in 47ms
66 timing reifyNode:node_modules/@next/swc-linux-arm64-gnu Completed in 46ms
67 timing reifyNode:node_modules/@next/swc-darwin-x64 Completed in 47ms
68 timing reifyNode:node_modules/@next/swc-darwin-arm64 Completed in 47ms
69 timing reifyNode:node_modules/@types/prop-types Completed in 293ms
70 timing reifyNode:node_modules/@types/react-dom Completed in 300ms
71 timing reifyNode:node_modules/@types/react Completed in 315ms
72 timing reifyNode:node_modules/undici-types Completed in 317ms
73 timing reifyNode:node_modules/csstype Completed in 325ms
74 timing reifyNode:node_modules/@types/node Completed in 356ms
75 timing reifyNode:node_modules/typescript Completed in 580ms
76 timing reify:unpack Completed in 581ms
77 timing reify:unretire Completed in 1ms
78 timing build:queue Completed in 2ms
79 timing build:link:node_modules/typescript Completed in 4ms
80 timing build:link Completed in 6ms
81 timing build:deps Completed in 9ms
82 timing build Completed in 9ms
83 timing reify:build Completed in 10ms
84 timing reify:trash Completed in 2ms
85 timing reify:save Completed in 29ms
86 http fetch POST 200 https://registry.npmjs.org/-/npm/v1/security/advisories/bulk 751ms
87 timing auditReport:getReport Completed in 755ms
88 silly audit report {
88 silly audit report   next: [
88 silly audit report     {
88 silly audit report       id: 1099638,
88 silly audit report       url: 'https://github.com/advisories/GHSA-gp8f-8m3g-qvj9',
88 silly audit report       title: 'Next.js Cache Poisoning',
88 silly audit report       severity: 'high',
88 silly audit report       vulnerable_versions: '>=14.0.0 <14.2.10',
88 silly audit report       cwe: [Array],
88 silly audit report       cvss: [Object]
88 silly audit report     },
88 silly audit report     {
88 silly audit report       id: 1100421,
88 silly audit report       url: 'https://github.com/advisories/GHSA-g77x-44xx-532m',
88 silly audit report       title: 'Denial of Service condition in Next.js image optimization',
88 silly audit report       severity: 'moderate',
88 silly audit report       vulnerable_versions: '>=10.0.0 <14.2.7',
88 silly audit report       cwe: [Array],
88 silly audit report       cvss: [Object]
88 silly audit report     },
88 silly audit report     {
88 silly audit report       id: 1101438,
88 silly audit report       url: 'https://github.com/advisories/GHSA-7m27-7ghc-44w9',
88 silly audit report       title: 'Next.js Allows a Denial of Service (DoS) with Server Actions',
88 silly audit report       severity: 'moderate',
88 silly audit report       vulnerable_versions: '>=14.0.0 <14.2.21',
88 silly audit report       cwe: [Array],
88 silly audit report       cvss: [Object]
88 silly audit report     },
88 silly audit report     {
88 silly audit report       id: 1105461,
88 silly audit report       url: 'https://github.com/advisories/GHSA-3h52-269p-cp9r',
88 silly audit report       title: 'Information exposure in Next.js dev server due to lack of origin verification',
88 silly audit report       severity: 'low',
88 silly audit report       vulnerable_versions: '>=13.0 <14.2.30',
88 silly audit report       cwe: [Array],
88 silly audit report       cvss: [Object]
88 silly audit report     },
88 silly audit report     {
88 silly audit report       id: 1111391,
88 silly audit report       url: 'https://github.com/advisories/GHSA-mwv6-3258-q52c',
88 silly audit report       title: 'Next Vulnerable to Denial of Service with Server Components',
88 silly audit report       severity: 'high',
88 silly audit report       vulnerable_versions: '>=13.3.0 <14.2.34',
88 silly audit report       cwe: [Array],
88 silly audit report       cvss: [Object]
88 silly audit report     },
88 silly audit report     {
88 silly audit report       id: 1107226,
88 silly audit report       url: 'https://github.com/advisories/GHSA-g5qg-72qw-gw5v',
88 silly audit report       title: 'Next.js Affected by Cache Key Confusion for Image Optimization API Routes',
88 silly audit report       severity: 'moderate',
88 silly audit report       vulnerable_versions: '>=0.9.9 <14.2.31',
88 silly audit report       cwe: [Array],
88 silly audit report       cvss: [Object]
88 silly audit report     },
88 silly audit report     {
88 silly audit report       id: 1107420,
88 silly audit report       url: 'https://github.com/advisories/GHSA-7gfc-8cq8-jh5f',
88 silly audit report       title: 'Next.js authorization bypass vulnerability',
88 silly audit report       severity: 'high',
88 silly audit report       vulnerable_versions: '>=9.5.5 <14.2.15',
88 silly audit report       cwe: [Array],
88 silly audit report       cvss: [Object]
88 silly audit report     },
88 silly audit report     {
88 silly audit report       id: 1107512,
88 silly audit report       url: 'https://github.com/advisories/GHSA-4342-x723-ch2f',
88 silly audit report       title: 'Next.js Improper Middleware Redirect Handling Leads to SSRF',
88 silly audit report       severity: 'moderate',
88 silly audit report       vulnerable_versions: '>=0.9.9 <14.2.32',
88 silly audit report       cwe: [Array],
88 silly audit report       cvss: [Object]
88 silly audit report     },
88 silly audit report     {
88 silly audit report       id: 1107513,
88 silly audit report       url: 'https://github.com/advisories/GHSA-xv57-4mr9-wg8v',
88 silly audit report       title: 'Next.js Content Injection Vulnerability for Image Optimization',
88 silly audit report       severity: 'moderate',
88 silly audit report       vulnerable_versions: '>=0.9.9 <14.2.31',
88 silly audit report       cwe: [Array],
88 silly audit report       cvss: [Object]
88 silly audit report     },
88 silly audit report     {
88 silly audit report       id: 1112182,
88 silly audit report       url: 'https://github.com/advisories/GHSA-5j59-xgg2-r9c4',
88 silly audit report       title: 'Next has a Denial of Service with Server Components - Incomplete Fix Follow-Up',
88 silly audit report       severity: 'high',
88 silly audit report       vulnerable_versions: '>=13.3.1-canary.0 <14.2.35',
88 silly audit report       cwe: [Array],
88 silly audit report       cvss: [Object]
88 silly audit report     },
88 silly audit report     {
88 silly audit report       id: 1108291,
88 silly audit report       url: 'https://github.com/advisories/GHSA-qpjv-v59x-3qc4',
88 silly audit report       title: 'Next.js Race Condition to Cache Poisoning',
88 silly audit report       severity: 'low',
88 silly audit report       vulnerable_versions: '>=0.9.9 <14.2.24',
88 silly audit report       cwe: [Array],
88 silly audit report       cvss: [Object]
88 silly audit report     },
88 silly audit report     {
88 silly audit report       id: 1112593,
88 silly audit report       url: 'https://github.com/advisories/GHSA-9g9p-9gw9-jx7f',
88 silly audit report       title: 'Next.js self-hosted applications vulnerable to DoS via Image Optimizer remotePatterns configuration',
88 silly audit report       severity: 'moderate',
88 silly audit report       vulnerable_versions: '>=10.0.0 <15.5.10',
88 silly audit report       cwe: [Array],
88 silly audit report       cvss: [Object]
88 silly audit report     },
88 silly audit report     {
88 silly audit report       id: 1112653,
88 silly audit report       url: 'https://github.com/advisories/GHSA-h25m-26qc-wcjf',
88 silly audit report       title: 'Next.js HTTP request deserialization can lead to DoS when using insecure React Server Components',
88 silly audit report       severity: 'high',
88 silly audit report       vulnerable_versions: '>=13.0.0 <15.0.8',
88 silly audit report       cwe: [Array],
88 silly audit report       cvss: [Object]
88 silly audit report     },
88 silly audit report     {
88 silly audit report       id: 1113689,
88 silly audit report       url: 'https://github.com/advisories/GHSA-f82v-jwr5-mffw',
88 silly audit report       title: 'Authorization Bypass in Next.js Middleware',
88 silly audit report       severity: 'critical',
88 silly audit report       vulnerable_versions: '>=14.0.0 <14.2.25',
88 silly audit report       cwe: [Array],
88 silly audit report       cvss: [Object]
88 silly audit report     }
88 silly audit report   ]
88 silly audit report }
89 timing metavuln:cache:get:security-advisory:next:A9m47VBQvL++V9EsVwBseCbPrOK9xk7oLIzrStyVB02IketEwhGsklFuhL1oaYPUn8YGmhlTxpFhF93K/Wfw5Q== Completed in 19ms
90 timing metavuln:cache:get:security-advisory:next:NpdQYf+4OaOvlNiZgkhHLNCcOTe84gjeay11sdJQ2HSe2hRovddeIJqZfGwiLh+ns7klO1J2oxhVS+ou+h9gmw== Completed in 17ms
91 timing metavuln:cache:get:security-advisory:next:d2hMvT1neRk1OILN6KsQ2L4sjWpIe19WxzSQJivjdzJVb/hhXgpN5SXMC++Yae4yKIQkpUsP465F2rfLyKo4PA== Completed in 18ms
92 timing metavuln:cache:get:security-advisory:next:WrVaG6WkSvpCYPPQKNUv2SLuXz5XL9xKn9KHPtqw/Y+V4JFUbfvGu7iPZR/4d1/dHzlII2csAkP3UXbKSPpZTA== Completed in 19ms
93 timing metavuln:cache:get:security-advisory:next:kXDE+ksbJYUI4TFImWPb/49o4hwXXT1nqPUeSTV/SE/IB3qFFazOXmXgn5PPbKkz9ewVGi6qMNNgGfrNX4hqIg== Completed in 21ms
94 timing metavuln:cache:get:security-advisory:next:WQCkHVGQkg6zsfYbmLOI+zBNEYhu4v1g6kXs5vVSFeehybhiXOKxuSPsV71Q4mBoY+gct03Ww794KjXwXHvGWA== Completed in 23ms
95 timing metavuln:cache:get:security-advisory:next:1RRZLAEdZ/XleXHoq279ILkZMiKyW77ZwtE5QzPtyre4x1QWgVmP0i9dSfz4gJebeiXjCYB49g8nOIfNiSjcYQ== Completed in 24ms
96 timing metavuln:cache:get:security-advisory:next:+SMXIcdP7mb700j3lAUXRoUbwPUmDwsGMfkqi8EBxAInsFmBr7fDz7ceH3WCcBFoF44s9qJcAZp3YRfZSyk8qw== Completed in 25ms
97 timing metavuln:cache:get:security-advisory:next:m1juSglhJQv6nr2Qd3fhaBRO3xSWDkIwePr5Y8MKgwiMDtGjVAtSoOHMXp3f9z6nPLepu8CsJK3YosBO7hEskA== Completed in 27ms
98 timing metavuln:cache:get:security-advisory:next:VmINk4sjQ5jqxRvJ2axYcaD3FqreNBMC4jAobfjDjUAn5dOOUzgsn/LLTyEYZvi7HDGR/ppGR9Jxp8UWVvHDIw== Completed in 29ms
99 timing metavuln:cache:get:security-advisory:next:owasql2RGfaRn6gCrEIYc1sLXkl1GuxqJbyX4pwqCr7f/tVRvnWuaIoanwkbKZ9RBWsvTnyiF9QrYyjzAdBqCg== Completed in 30ms
100 timing metavuln:cache:get:security-advisory:next:ItJZ7qy1iUzxbodxayiejQRfV5cCQvX0fnpMwXLDBxbVruEW2O3qtQbmcGQKdCKBR49CjNmJDt46lWVTov1sQA== Completed in 32ms
101 timing metavuln:cache:get:security-advisory:next:3YEnowU0F/efIZFkDoFxQZjNq2qcmakBCRjEbrgPcrnqNOUxoJgvhg+PrXGQZbW/4yvsmMJX4gbpxuAhPD8bvg== Completed in 33ms
102 timing metavuln:cache:get:security-advisory:next:unIajp6lhtd8TlnbDyu03O9dAHAdyoPBnRJl7b7wYmHh7QTNefTOT1AH8NOkPJcV47ZUUiH1irG66Xfg+Lfo0g== Completed in 34ms
103 http fetch GET 200 https://registry.npmjs.org/next 264ms (cache revalidated)
104 timing metavuln:packument:next Completed in 712ms
105 timing metavuln:load:security-advisory:next:1099638 Completed in 90ms
106 timing metavuln:calculate:security-advisory:next:1099638 Completed in 804ms
107 timing metavuln:load:security-advisory:next:1100421 Completed in 134ms
108 timing metavuln:calculate:security-advisory:next:1100421 Completed in 935ms
109 timing metavuln:load:security-advisory:next:1101438 Completed in 112ms
110 timing metavuln:calculate:security-advisory:next:1101438 Completed in 1047ms
111 timing metavuln:load:security-advisory:next:1105461 Completed in 87ms
112 timing metavuln:calculate:security-advisory:next:1105461 Completed in 1133ms
113 timing metavuln:load:security-advisory:next:1111391 Completed in 94ms
114 timing metavuln:calculate:security-advisory:next:1111391 Completed in 1227ms
115 timing metavuln:load:security-advisory:next:1107226 Completed in 97ms
116 timing metavuln:calculate:security-advisory:next:1107226 Completed in 1324ms
117 timing metavuln:load:security-advisory:next:1107420 Completed in 105ms
118 timing metavuln:calculate:security-advisory:next:1107420 Completed in 1430ms
119 timing metavuln:load:security-advisory:next:1107512 Completed in 102ms
120 timing metavuln:calculate:security-advisory:next:1107512 Completed in 1532ms
121 timing metavuln:load:security-advisory:next:1107513 Completed in 99ms
122 timing metavuln:calculate:security-advisory:next:1107513 Completed in 1632ms
123 timing metavuln:load:security-advisory:next:1112182 Completed in 76ms
124 timing metavuln:calculate:security-advisory:next:1112182 Completed in 1708ms
125 timing metavuln:load:security-advisory:next:1108291 Completed in 84ms
126 timing metavuln:calculate:security-advisory:next:1108291 Completed in 1791ms
127 timing metavuln:load:security-advisory:next:1112593 Completed in 81ms
128 timing metavuln:calculate:security-advisory:next:1112593 Completed in 1873ms
129 timing metavuln:load:security-advisory:next:1112653 Completed in 89ms
130 timing metavuln:calculate:security-advisory:next:1112653 Completed in 1962ms
131 timing metavuln:load:security-advisory:next:1113689 Completed in 83ms
132 timing metavuln:calculate:security-advisory:next:1113689 Completed in 2045ms
133 timing auditReport:init Completed in 2144ms
134 timing reify:audit Completed in 2902ms
135 timing reify Completed in 3019ms
136 silly ADD node_modules/undici-types
137 silly ADD node_modules/typescript
138 silly ADD node_modules/csstype
139 silly ADD node_modules/@types/react-dom
140 silly ADD node_modules/@types/react
141 silly ADD node_modules/@types/prop-types
142 silly ADD node_modules/@types/node
143 silly ADD
144 silly ADD
145 silly ADD
146 silly ADD
147 silly ADD
148 silly ADD
149 silly ADD
150 timing command:install Completed in 3238ms
151 verbose exit 0
152 timing npm Completed in 3600ms
153 info ok
