0 verbose cli /usr/bin/node /tmp/npm/package/bin/npm-cli.js
1 info using npm@10.5.0
2 info using node@v25.6.1
3 timing npm:load:whichnode Completed in 2ms
4 timing config:load:defaults Completed in 4ms
5 timing config:load:file:/tmp/npm/package/npmrc Completed in 1ms
6 timing config:load:builtin Completed in 2ms
7 timing config:load:cli Completed in 9ms
8 timing config:load:env Completed in 1ms
9 timing config:load:file:/home/fentyx/lingo/.npmrc Completed in 0ms
10 timing config:load:project Completed in 2ms
11 timing config:load:file:/home/fentyx/.npmrc Completed in 1ms
12 timing config:load:user Completed in 1ms
13 timing config:load:file:/usr/etc/npmrc Completed in 0ms
14 timing config:load:global Completed in 0ms
15 timing config:load:setEnvs Completed in 2ms
16 timing config:load Completed in 21ms
17 timing npm:load:configload Completed in 22ms
18 timing config:load:flatten Completed in 5ms
19 timing npm:load:mkdirpcache Completed in 0ms
20 timing npm:load:mkdirplogs Completed in 1ms
21 verbose title npm install @types/react-dom
22 verbose argv "install" "--cache" "/home/fentyx/lingo/.npm-cache" "--save-dev" "@types/react-dom"
23 timing npm:load:setTitle Completed in 1ms
24 timing npm:load:display Completed in 2ms
25 verbose logfile logs-max:10 dir:/home/fentyx/lingo/.npm-cache/_logs/2026-03-13T12_08_06_209Z-
26 verbose logfile /home/fentyx/lingo/.npm-cache/_logs/2026-03-13T12_08_06_209Z-debug-0.log
27 timing npm:load:logFile Completed in 19ms
28 timing npm:load:timers Completed in 0ms
29 timing npm:load:configScope Completed in 0ms
30 timing npm:load Completed in 68ms
31 timing arborist:ctor Completed in 1ms
32 silly logfile done cleaning log files
33 timing idealTree:init Completed in 71ms
34 timing idealTree:userRequests Completed in 3ms
35 silly idealTree buildDeps
36 silly fetch manifest @types/react-dom@^18
37 timing arborist:ctor Completed in 1ms
38 http fetch GET 200 https://registry.npmjs.org/@types%2freact-dom 62ms (cache hit)
39 silly fetch manifest @types/react@^18.3.28
40 http fetch GET 200 https://registry.npmjs.org/@types%2freact 28ms (cache hit)
41 silly placeDep ROOT @types/react-dom@18.3.7 REPLACE for: memelingo@0.1.0 want: ^18
42 timing idealTree:#root Completed in 187ms
43 timing idealTree:node_modules/@types/react-dom Completed in 0ms
44 timing idealTree:buildDeps Completed in 190ms
45 timing idealTree:fixDepFlags Completed in 1ms
46 timing idealTree Completed in 270ms
47 timing reify:loadTrees Completed in 273ms
48 timing reify:diffTrees Completed in 6ms
49 silly reify moves {}
50 timing reify:retireShallow Completed in 0ms
51 timing reify:createSparse Completed in 12ms
52 silly reify mark deleted [ '/home/fentyx/lingo/node_modules/@types/node' ]
53 silly reify mark deleted [ '/home/fentyx/lingo/node_modules/@types/prop-types' ]
54 silly reify mark deleted [ '/home/fentyx/lingo/node_modules/@types/react' ]
55 silly reify mark deleted [ '/home/fentyx/lingo/node_modules/csstype' ]
56 silly reify mark deleted [
56 silly reify   '/home/fentyx/lingo/node_modules/typescript',
56 silly reify   '/home/fentyx/lingo/node_modules/.bin/tsc',
56 silly reify   '/home/fentyx/lingo/node_modules/.bin/tsserver'
56 silly reify ]
57 silly reify mark deleted [ '/home/fentyx/lingo/node_modules/undici-types' ]
58 silly reify mark deleted [ '/home/fentyx/lingo/node_modules/@types/react-dom' ]
59 timing reify:trashOmits Completed in 3ms
60 timing reify:loadBundles Completed in 0ms
61 silly audit bulk request {
61 silly audit   '@next/env': [ '14.2.0' ],
61 silly audit   '@next/swc-darwin-arm64': [ '14.2.0' ],
61 silly audit   '@next/swc-darwin-x64': [ '14.2.0' ],
61 silly audit   '@next/swc-linux-arm64-gnu': [ '14.2.0' ],
61 silly audit   '@next/swc-linux-arm64-musl': [ '14.2.0' ],
61 silly audit   '@next/swc-linux-x64-gnu': [ '14.2.0' ],
61 silly audit   '@next/swc-linux-x64-musl': [ '14.2.0' ],
61 silly audit   '@next/swc-win32-arm64-msvc': [ '14.2.0' ],
61 silly audit   '@next/swc-win32-ia32-msvc': [ '14.2.0' ],
61 silly audit   '@next/swc-win32-x64-msvc': [ '14.2.0' ],
61 silly audit   '@swc/counter': [ '0.1.3' ],
61 silly audit   '@swc/helpers': [ '0.5.5' ],
61 silly audit   busboy: [ '1.6.0' ],
61 silly audit   'caniuse-lite': [ '1.0.30001778' ],
61 silly audit   'client-only': [ '0.0.1' ],
61 silly audit   'graceful-fs': [ '4.2.11' ],
61 silly audit   'js-tokens': [ '4.0.0' ],
61 silly audit   'loose-envify': [ '1.4.0' ],
61 silly audit   nanoid: [ '3.3.11' ],
61 silly audit   next: [ '14.2.0' ],
61 silly audit   picocolors: [ '1.1.1' ],
61 silly audit   postcss: [ '8.4.31' ],
61 silly audit   react: [ '18.3.1' ],
61 silly audit   'react-dom': [ '18.3.1' ],
61 silly audit   scheduler: [ '0.23.2' ],
61 silly audit   'source-map-js': [ '1.2.1' ],
61 silly audit   streamsearch: [ '1.1.0' ],
61 silly audit   'styled-jsx': [ '5.1.1' ],
61 silly audit   tslib: [ '2.8.1' ]
61 silly audit }
62 verbose reify failed optional dependency /home/fentyx/lingo/node_modules/@next/swc-win32-x64-msvc
63 silly reify mark deleted [ '/home/fentyx/lingo/node_modules/@next/swc-win32-x64-msvc' ]
64 verbose reify failed optional dependency /home/fentyx/lingo/node_modules/@next/swc-win32-ia32-msvc
65 silly reify mark deleted [ '/home/fentyx/lingo/node_modules/@next/swc-win32-ia32-msvc' ]
66 verbose reify failed optional dependency /home/fentyx/lingo/node_modules/@next/swc-win32-arm64-msvc
67 silly reify mark deleted [ '/home/fentyx/lingo/node_modules/@next/swc-win32-arm64-msvc' ]
68 verbose reify failed optional dependency /home/fentyx/lingo/node_modules/@next/swc-linux-arm64-musl
69 silly reify mark deleted [ '/home/fentyx/lingo/node_modules/@next/swc-linux-arm64-musl' ]
70 verbose reify failed optional dependency /home/fentyx/lingo/node_modules/@next/swc-linux-arm64-gnu
71 silly reify mark deleted [ '/home/fentyx/lingo/node_modules/@next/swc-linux-arm64-gnu' ]
72 verbose reify failed optional dependency /home/fentyx/lingo/node_modules/@next/swc-darwin-x64
73 silly reify mark deleted [ '/home/fentyx/lingo/node_modules/@next/swc-darwin-x64' ]
74 verbose reify failed optional dependency /home/fentyx/lingo/node_modules/@next/swc-darwin-arm64
75 silly reify mark deleted [ '/home/fentyx/lingo/node_modules/@next/swc-darwin-arm64' ]
76 timing reifyNode:node_modules/@next/swc-win32-x64-msvc Completed in 46ms
77 timing reifyNode:node_modules/@next/swc-win32-ia32-msvc Completed in 46ms
78 timing reifyNode:node_modules/@next/swc-win32-arm64-msvc Completed in 46ms
79 timing reifyNode:node_modules/@next/swc-linux-arm64-musl Completed in 45ms
80 timing reifyNode:node_modules/@next/swc-linux-arm64-gnu Completed in 46ms
81 timing reifyNode:node_modules/@next/swc-darwin-x64 Completed in 46ms
82 timing reifyNode:node_modules/@next/swc-darwin-arm64 Completed in 46ms
83 timing reify:unpack Completed in 48ms
84 timing reify:unretire Completed in 0ms
85 timing build:queue Completed in 6ms
86 timing build:link Completed in 0ms
87 timing build:deps Completed in 7ms
88 timing build Completed in 7ms
89 timing reify:build Completed in 8ms
90 timing reify:trash Completed in 5ms
91 timing reify:save Completed in 43ms
92 http fetch POST 200 https://registry.npmjs.org/-/npm/v1/security/advisories/bulk 751ms
93 timing auditReport:getReport Completed in 755ms
94 silly audit report {
94 silly audit report   next: [
94 silly audit report     {
94 silly audit report       id: 1099638,
94 silly audit report       url: 'https://github.com/advisories/GHSA-gp8f-8m3g-qvj9',
94 silly audit report       title: 'Next.js Cache Poisoning',
94 silly audit report       severity: 'high',
94 silly audit report       vulnerable_versions: '>=14.0.0 <14.2.10',
94 silly audit report       cwe: [Array],
94 silly audit report       cvss: [Object]
94 silly audit report     },
94 silly audit report     {
94 silly audit report       id: 1100421,
94 silly audit report       url: 'https://github.com/advisories/GHSA-g77x-44xx-532m',
94 silly audit report       title: 'Denial of Service condition in Next.js image optimization',
94 silly audit report       severity: 'moderate',
94 silly audit report       vulnerable_versions: '>=10.0.0 <14.2.7',
94 silly audit report       cwe: [Array],
94 silly audit report       cvss: [Object]
94 silly audit report     },
94 silly audit report     {
94 silly audit report       id: 1101438,
94 silly audit report       url: 'https://github.com/advisories/GHSA-7m27-7ghc-44w9',
94 silly audit report       title: 'Next.js Allows a Denial of Service (DoS) with Server Actions',
94 silly audit report       severity: 'moderate',
94 silly audit report       vulnerable_versions: '>=14.0.0 <14.2.21',
94 silly audit report       cwe: [Array],
94 silly audit report       cvss: [Object]
94 silly audit report     },
94 silly audit report     {
94 silly audit report       id: 1105461,
94 silly audit report       url: 'https://github.com/advisories/GHSA-3h52-269p-cp9r',
94 silly audit report       title: 'Information exposure in Next.js dev server due to lack of origin verification',
94 silly audit report       severity: 'low',
94 silly audit report       vulnerable_versions: '>=13.0 <14.2.30',
94 silly audit report       cwe: [Array],
94 silly audit report       cvss: [Object]
94 silly audit report     },
94 silly audit report     {
94 silly audit report       id: 1111391,
94 silly audit report       url: 'https://github.com/advisories/GHSA-mwv6-3258-q52c',
94 silly audit report       title: 'Next Vulnerable to Denial of Service with Server Components',
94 silly audit report       severity: 'high',
94 silly audit report       vulnerable_versions: '>=13.3.0 <14.2.34',
94 silly audit report       cwe: [Array],
94 silly audit report       cvss: [Object]
94 silly audit report     },
94 silly audit report     {
94 silly audit report       id: 1107226,
94 silly audit report       url: 'https://github.com/advisories/GHSA-g5qg-72qw-gw5v',
94 silly audit report       title: 'Next.js Affected by Cache Key Confusion for Image Optimization API Routes',
94 silly audit report       severity: 'moderate',
94 silly audit report       vulnerable_versions: '>=0.9.9 <14.2.31',
94 silly audit report       cwe: [Array],
94 silly audit report       cvss: [Object]
94 silly audit report     },
94 silly audit report     {
94 silly audit report       id: 1107420,
94 silly audit report       url: 'https://github.com/advisories/GHSA-7gfc-8cq8-jh5f',
94 silly audit report       title: 'Next.js authorization bypass vulnerability',
94 silly audit report       severity: 'high',
94 silly audit report       vulnerable_versions: '>=9.5.5 <14.2.15',
94 silly audit report       cwe: [Array],
94 silly audit report       cvss: [Object]
94 silly audit report     },
94 silly audit report     {
94 silly audit report       id: 1107512,
94 silly audit report       url: 'https://github.com/advisories/GHSA-4342-x723-ch2f',
94 silly audit report       title: 'Next.js Improper Middleware Redirect Handling Leads to SSRF',
94 silly audit report       severity: 'moderate',
94 silly audit report       vulnerable_versions: '>=0.9.9 <14.2.32',
94 silly audit report       cwe: [Array],
94 silly audit report       cvss: [Object]
94 silly audit report     },
94 silly audit report     {
94 silly audit report       id: 1107513,
94 silly audit report       url: 'https://github.com/advisories/GHSA-xv57-4mr9-wg8v',
94 silly audit report       title: 'Next.js Content Injection Vulnerability for Image Optimization',
94 silly audit report       severity: 'moderate',
94 silly audit report       vulnerable_versions: '>=0.9.9 <14.2.31',
94 silly audit report       cwe: [Array],
94 silly audit report       cvss: [Object]
94 silly audit report     },
94 silly audit report     {
94 silly audit report       id: 1112182,
94 silly audit report       url: 'https://github.com/advisories/GHSA-5j59-xgg2-r9c4',
94 silly audit report       title: 'Next has a Denial of Service with Server Components - Incomplete Fix Follow-Up',
94 silly audit report       severity: 'high',
94 silly audit report       vulnerable_versions: '>=13.3.1-canary.0 <14.2.35',
94 silly audit report       cwe: [Array],
94 silly audit report       cvss: [Object]
94 silly audit report     },
94 silly audit report     {
94 silly audit report       id: 1108291,
94 silly audit report       url: 'https://github.com/advisories/GHSA-qpjv-v59x-3qc4',
94 silly audit report       title: 'Next.js Race Condition to Cache Poisoning',
94 silly audit report       severity: 'low',
94 silly audit report       vulnerable_versions: '>=0.9.9 <14.2.24',
94 silly audit report       cwe: [Array],
94 silly audit report       cvss: [Object]
94 silly audit report     },
94 silly audit report     {
94 silly audit report       id: 1112593,
94 silly audit report       url: 'https://github.com/advisories/GHSA-9g9p-9gw9-jx7f',
94 silly audit report       title: 'Next.js self-hosted applications vulnerable to DoS via Image Optimizer remotePatterns configuration',
94 silly audit report       severity: 'moderate',
94 silly audit report       vulnerable_versions: '>=10.0.0 <15.5.10',
94 silly audit report       cwe: [Array],
94 silly audit report       cvss: [Object]
94 silly audit report     },
94 silly audit report     {
94 silly audit report       id: 1112653,
94 silly audit report       url: 'https://github.com/advisories/GHSA-h25m-26qc-wcjf',
94 silly audit report       title: 'Next.js HTTP request deserialization can lead to DoS when using insecure React Server Components',
94 silly audit report       severity: 'high',
94 silly audit report       vulnerable_versions: '>=13.0.0 <15.0.8',
94 silly audit report       cwe: [Array],
94 silly audit report       cvss: [Object]
94 silly audit report     },
94 silly audit report     {
94 silly audit report       id: 1113689,
94 silly audit report       url: 'https://github.com/advisories/GHSA-f82v-jwr5-mffw',
94 silly audit report       title: 'Authorization Bypass in Next.js Middleware',
94 silly audit report       severity: 'critical',
94 silly audit report       vulnerable_versions: '>=14.0.0 <14.2.25',
94 silly audit report       cwe: [Array],
94 silly audit report       cvss: [Object]
94 silly audit report     }
94 silly audit report   ]
94 silly audit report }
95 timing metavuln:cache:get:security-advisory:next:WrVaG6WkSvpCYPPQKNUv2SLuXz5XL9xKn9KHPtqw/Y+V4JFUbfvGu7iPZR/4d1/dHzlII2csAkP3UXbKSPpZTA== Completed in 19ms
96 timing metavuln:cache:get:security-advisory:next:kXDE+ksbJYUI4TFImWPb/49o4hwXXT1nqPUeSTV/SE/IB3qFFazOXmXgn5PPbKkz9ewVGi6qMNNgGfrNX4hqIg== Completed in 22ms
97 timing metavuln:cache:get:security-advisory:next:NpdQYf+4OaOvlNiZgkhHLNCcOTe84gjeay11sdJQ2HSe2hRovddeIJqZfGwiLh+ns7klO1J2oxhVS+ou+h9gmw== Completed in 23ms
98 timing metavuln:cache:get:security-advisory:next:A9m47VBQvL++V9EsVwBseCbPrOK9xk7oLIzrStyVB02IketEwhGsklFuhL1oaYPUn8YGmhlTxpFhF93K/Wfw5Q== Completed in 26ms
99 timing metavuln:cache:get:security-advisory:next:WQCkHVGQkg6zsfYbmLOI+zBNEYhu4v1g6kXs5vVSFeehybhiXOKxuSPsV71Q4mBoY+gct03Ww794KjXwXHvGWA== Completed in 26ms
100 timing metavuln:cache:get:security-advisory:next:1RRZLAEdZ/XleXHoq279ILkZMiKyW77ZwtE5QzPtyre4x1QWgVmP0i9dSfz4gJebeiXjCYB49g8nOIfNiSjcYQ== Completed in 28ms
101 timing metavuln:cache:get:security-advisory:next:+SMXIcdP7mb700j3lAUXRoUbwPUmDwsGMfkqi8EBxAInsFmBr7fDz7ceH3WCcBFoF44s9qJcAZp3YRfZSyk8qw== Completed in 29ms
102 timing metavuln:cache:get:security-advisory:next:3YEnowU0F/efIZFkDoFxQZjNq2qcmakBCRjEbrgPcrnqNOUxoJgvhg+PrXGQZbW/4yvsmMJX4gbpxuAhPD8bvg== Completed in 32ms
103 timing metavuln:cache:get:security-advisory:next:VmINk4sjQ5jqxRvJ2axYcaD3FqreNBMC4jAobfjDjUAn5dOOUzgsn/LLTyEYZvi7HDGR/ppGR9Jxp8UWVvHDIw== Completed in 35ms
104 timing metavuln:cache:get:security-advisory:next:d2hMvT1neRk1OILN6KsQ2L4sjWpIe19WxzSQJivjdzJVb/hhXgpN5SXMC++Yae4yKIQkpUsP465F2rfLyKo4PA== Completed in 38ms
105 timing metavuln:cache:get:security-advisory:next:unIajp6lhtd8TlnbDyu03O9dAHAdyoPBnRJl7b7wYmHh7QTNefTOT1AH8NOkPJcV47ZUUiH1irG66Xfg+Lfo0g== Completed in 39ms
106 timing metavuln:cache:get:security-advisory:next:owasql2RGfaRn6gCrEIYc1sLXkl1GuxqJbyX4pwqCr7f/tVRvnWuaIoanwkbKZ9RBWsvTnyiF9QrYyjzAdBqCg== Completed in 41ms
107 timing metavuln:cache:get:security-advisory:next:m1juSglhJQv6nr2Qd3fhaBRO3xSWDkIwePr5Y8MKgwiMDtGjVAtSoOHMXp3f9z6nPLepu8CsJK3YosBO7hEskA== Completed in 43ms
108 timing metavuln:cache:get:security-advisory:next:ItJZ7qy1iUzxbodxayiejQRfV5cCQvX0fnpMwXLDBxbVruEW2O3qtQbmcGQKdCKBR49CjNmJDt46lWVTov1sQA== Completed in 45ms
109 http fetch GET 200 https://registry.npmjs.org/next 173ms (cache hit)
110 timing metavuln:packument:next Completed in 708ms
111 timing metavuln:load:security-advisory:next:1099638 Completed in 117ms
112 timing metavuln:calculate:security-advisory:next:1099638 Completed in 828ms
113 timing metavuln:load:security-advisory:next:1100421 Completed in 99ms
114 timing metavuln:calculate:security-advisory:next:1100421 Completed in 925ms
115 timing metavuln:load:security-advisory:next:1101438 Completed in 110ms
116 timing metavuln:calculate:security-advisory:next:1101438 Completed in 1034ms
117 timing metavuln:load:security-advisory:next:1105461 Completed in 92ms
118 timing metavuln:calculate:security-advisory:next:1105461 Completed in 1126ms
119 timing metavuln:load:security-advisory:next:1111391 Completed in 87ms
120 timing metavuln:calculate:security-advisory:next:1111391 Completed in 1213ms
121 timing metavuln:load:security-advisory:next:1107226 Completed in 99ms
122 timing metavuln:calculate:security-advisory:next:1107226 Completed in 1313ms
123 timing metavuln:load:security-advisory:next:1107420 Completed in 73ms
124 timing metavuln:calculate:security-advisory:next:1107420 Completed in 1386ms
125 timing metavuln:load:security-advisory:next:1107512 Completed in 81ms
126 timing metavuln:calculate:security-advisory:next:1107512 Completed in 1467ms
127 timing metavuln:load:security-advisory:next:1107513 Completed in 66ms
128 timing metavuln:calculate:security-advisory:next:1107513 Completed in 1533ms
129 timing metavuln:load:security-advisory:next:1112182 Completed in 54ms
130 timing metavuln:calculate:security-advisory:next:1112182 Completed in 1587ms
131 timing metavuln:load:security-advisory:next:1108291 Completed in 66ms
132 timing metavuln:calculate:security-advisory:next:1108291 Completed in 1653ms
133 timing metavuln:load:security-advisory:next:1112593 Completed in 61ms
134 timing metavuln:calculate:security-advisory:next:1112593 Completed in 1714ms
135 timing metavuln:load:security-advisory:next:1112653 Completed in 61ms
136 timing metavuln:calculate:security-advisory:next:1112653 Completed in 1774ms
137 timing metavuln:load:security-advisory:next:1113689 Completed in 48ms
138 timing metavuln:calculate:security-advisory:next:1113689 Completed in 1822ms
139 timing auditReport:init Completed in 1872ms
140 timing reify:audit Completed in 2632ms
141 timing reify Completed in 2946ms
142 silly ADD
143 silly ADD
144 silly ADD
145 silly ADD
146 silly ADD
147 silly ADD
148 silly ADD
149 silly ADD
150 silly ADD
151 silly ADD
152 silly ADD
153 silly ADD
154 silly ADD
155 silly ADD
156 timing command:install Completed in 3075ms
157 verbose exit 0
158 timing npm Completed in 3494ms
159 info ok
