0 verbose cli /usr/bin/node /tmp/npm/package/bin/npm-cli.js
1 info using npm@10.5.0
2 info using node@v25.6.1
3 timing npm:load:whichnode Completed in 2ms
4 timing config:load:defaults Completed in 3ms
5 timing config:load:file:/tmp/npm/package/npmrc Completed in 1ms
6 timing config:load:builtin Completed in 1ms
7 timing config:load:cli Completed in 6ms
8 timing config:load:env Completed in 0ms
9 timing config:load:file:/home/fentyx/lingo/.npmrc Completed in 1ms
10 timing config:load:project Completed in 2ms
11 timing config:load:file:/home/fentyx/.npmrc Completed in 0ms
12 timing config:load:user Completed in 1ms
13 timing config:load:file:/usr/etc/npmrc Completed in 1ms
14 timing config:load:global Completed in 2ms
15 timing config:load:setEnvs Completed in 2ms
16 timing config:load Completed in 19ms
17 timing npm:load:configload Completed in 19ms
18 timing config:load:flatten Completed in 4ms
19 timing npm:load:mkdirpcache Completed in 0ms
20 timing npm:load:mkdirplogs Completed in 1ms
21 verbose title npm install
22 verbose argv "install" "--cache" "/home/fentyx/lingo/.npm-cache"
23 timing npm:load:setTitle Completed in 1ms
24 timing npm:load:display Completed in 1ms
25 verbose logfile logs-max:10 dir:/home/fentyx/lingo/.npm-cache/_logs/2026-03-13T12_04_50_764Z-
26 verbose logfile /home/fentyx/lingo/.npm-cache/_logs/2026-03-13T12_04_50_764Z-debug-0.log
27 timing npm:load:logFile Completed in 30ms
28 timing npm:load:timers Completed in 0ms
29 timing npm:load:configScope Completed in 0ms
30 timing npm:load Completed in 76ms
31 timing arborist:ctor Completed in 1ms
32 silly logfile done cleaning log files
33 timing arborist:ctor Completed in 0ms
34 timing idealTree:init Completed in 30ms
35 timing idealTree:userRequests Completed in 1ms
36 silly idealTree buildDeps
37 silly fetch manifest next@14.2.0
38 http fetch GET 200 https://registry.npmjs.org/next 637ms (cache revalidated)
39 silly fetch manifest @opentelemetry/api@^1.1.0
40 http fetch GET 200 https://registry.npmjs.org/@opentelemetry%2fapi 129ms (cache revalidated)
41 silly fetch manifest @playwright/test@^1.41.2
42 http fetch GET 200 https://registry.npmjs.org/@playwright%2ftest 141ms (cache revalidated)
43 silly fetch manifest react@^18
44 http fetch GET 200 https://registry.npmjs.org/react 161ms (cache revalidated)
45 silly fetch manifest react-dom@^18
46 http fetch GET 200 https://registry.npmjs.org/react-dom 132ms (cache revalidated)
47 silly fetch manifest sass@^1.3.0
48 http fetch GET 200 https://registry.npmjs.org/sass 119ms (cache revalidated)
49 silly fetch manifest @types/node@^20
50 http fetch GET 200 https://registry.npmjs.org/@types%2fnode 180ms (cache revalidated)
51 silly fetch manifest @types/react@^18
52 http fetch GET 200 https://registry.npmjs.org/@types%2freact 107ms (cache revalidated)
53 silly fetch manifest @types/react-dom@^18
54 http fetch GET 200 https://registry.npmjs.org/@types%2freact-dom 148ms (cache revalidated)
55 silly fetch manifest typescript@^5
56 http fetch GET 200 https://registry.npmjs.org/typescript 195ms (cache revalidated)
57 silly placeDep ROOT @types/node@20.19.37 OK for: memelingo@0.1.0 want: ^20
58 silly placeDep ROOT @types/react@18.3.28 OK for: memelingo@0.1.0 want: ^18
59 silly placeDep ROOT @types/react-dom@18.3.7 OK for: memelingo@0.1.0 want: ^18
60 silly placeDep ROOT next@14.2.0 OK for: memelingo@0.1.0 want: 14.2.0
61 silly placeDep ROOT react@18.3.1 OK for: next@14.2.0 want: ^18.2.0
62 silly placeDep ROOT react-dom@18.3.1 OK for: next@14.2.0 want: ^18.2.0
63 silly placeDep ROOT typescript@5.9.3 OK for: memelingo@0.1.0 want: ^5
64 silly fetch manifest undici-types@~6.21.0
65 silly fetch manifest csstype@^3.2.2
66 silly fetch manifest @types/prop-types@*
67 silly fetch manifest busboy@1.6.0
68 silly fetch manifest postcss@8.4.31
69 silly fetch manifest @next/env@14.2.0
70 silly fetch manifest styled-jsx@5.1.1
71 silly fetch manifest graceful-fs@^4.2.11
72 silly fetch manifest @swc/helpers@0.5.5
73 silly fetch manifest caniuse-lite@^1.0.30001579
74 silly fetch manifest @next/swc-darwin-x64@14.2.0
75 http fetch GET 200 https://registry.npmjs.org/undici-types 112ms (cache revalidated)
76 silly fetch manifest @next/swc-darwin-arm64@14.2.0
77 http fetch GET 200 https://registry.npmjs.org/@next%2fswc-darwin-arm64 164ms (cache revalidated)
78 silly fetch manifest @next/swc-linux-x64-gnu@14.2.0
79 http fetch GET 200 https://registry.npmjs.org/postcss 502ms (cache revalidated)
80 silly fetch manifest @next/swc-linux-x64-musl@14.2.0
81 http fetch GET 200 https://registry.npmjs.org/busboy 524ms (cache revalidated)
82 silly fetch manifest @next/swc-win32-x64-msvc@14.2.0
83 http fetch GET 200 https://registry.npmjs.org/@next%2fswc-linux-x64-gnu 221ms (cache revalidated)
84 silly fetch manifest @next/swc-linux-arm64-gnu@14.2.0
85 http fetch GET 200 https://registry.npmjs.org/@types%2fprop-types 584ms (cache revalidated)
86 silly fetch manifest @next/swc-win32-ia32-msvc@14.2.0
87 http fetch GET 200 https://registry.npmjs.org/graceful-fs 583ms (cache revalidated)
88 silly fetch manifest @next/swc-linux-arm64-musl@14.2.0
89 http fetch GET 200 https://registry.npmjs.org/caniuse-lite 596ms (cache revalidated)
90 silly fetch manifest @next/swc-win32-arm64-msvc@14.2.0
91 http fetch GET 200 https://registry.npmjs.org/styled-jsx 626ms (cache revalidated)
92 silly fetch manifest scheduler@^0.23.2
93 http fetch GET 200 https://registry.npmjs.org/csstype 642ms (cache revalidated)
94 silly fetch manifest loose-envify@^1.1.0
95 http fetch GET 200 https://registry.npmjs.org/@swc%2fhelpers 643ms (cache revalidated)
96 http fetch GET 200 https://registry.npmjs.org/@next%2fswc-darwin-x64 665ms (cache revalidated)
97 http fetch GET 200 https://registry.npmjs.org/@next%2fenv 722ms (cache revalidated)
98 http fetch GET 200 https://registry.npmjs.org/@next%2fswc-linux-x64-musl 326ms (cache revalidated)
99 http fetch GET 200 https://registry.npmjs.org/@next%2fswc-linux-arm64-musl 290ms (cache revalidated)
100 http fetch GET 200 https://registry.npmjs.org/@next%2fswc-linux-arm64-gnu 342ms (cache revalidated)
101 http fetch GET 200 https://registry.npmjs.org/@next%2fswc-win32-x64-msvc 430ms (cache revalidated)
102 http fetch GET 200 https://registry.npmjs.org/@next%2fswc-win32-ia32-msvc 413ms (cache revalidated)
103 http fetch GET 200 https://registry.npmjs.org/@next%2fswc-win32-arm64-msvc 584ms (cache revalidated)
104 http fetch GET 200 https://registry.npmjs.org/loose-envify 590ms (cache revalidated)
105 http fetch GET 200 https://registry.npmjs.org/scheduler 614ms (cache revalidated)
106 timing idealTree:#root Completed in 4713ms
107 silly placeDep ROOT undici-types@6.21.0 OK for: @types/node@20.19.37 want: ~6.21.0
108 timing idealTree:node_modules/@types/node Completed in 2ms
109 silly placeDep ROOT @types/prop-types@15.7.15 OK for: @types/react@18.3.28 want: *
110 silly placeDep ROOT csstype@3.2.3 OK for: @types/react@18.3.28 want: ^3.2.2
111 timing idealTree:node_modules/@types/react Completed in 4ms
112 timing idealTree:node_modules/@types/prop-types Completed in 0ms
113 timing idealTree:node_modules/@types/react-dom Completed in 0ms
114 timing idealTree:node_modules/csstype Completed in 1ms
115 silly fetch manifest react@^18.2.0
116 silly placeDep ROOT @next/env@14.2.0 OK for: next@14.2.0 want: 14.2.0
117 silly placeDep ROOT @next/swc-darwin-arm64@14.2.0 OK for: next@14.2.0 want: 14.2.0
118 silly placeDep ROOT @next/swc-darwin-x64@14.2.0 OK for: next@14.2.0 want: 14.2.0
119 silly placeDep ROOT @next/swc-linux-arm64-gnu@14.2.0 OK for: next@14.2.0 want: 14.2.0
120 silly placeDep ROOT @next/swc-linux-arm64-musl@14.2.0 OK for: next@14.2.0 want: 14.2.0
121 silly placeDep ROOT @next/swc-linux-x64-gnu@14.2.0 OK for: next@14.2.0 want: 14.2.0
122 silly placeDep ROOT @next/swc-linux-x64-musl@14.2.0 OK for: next@14.2.0 want: 14.2.0
123 silly placeDep ROOT @next/swc-win32-arm64-msvc@14.2.0 OK for: next@14.2.0 want: 14.2.0
124 silly placeDep ROOT @next/swc-win32-ia32-msvc@14.2.0 OK for: next@14.2.0 want: 14.2.0
125 silly placeDep ROOT @next/swc-win32-x64-msvc@14.2.0 OK for: next@14.2.0 want: 14.2.0
126 silly placeDep ROOT @swc/helpers@0.5.5 OK for: next@14.2.0 want: 0.5.5
127 silly placeDep ROOT busboy@1.6.0 OK for: next@14.2.0 want: 1.6.0
128 silly placeDep ROOT caniuse-lite@1.0.30001778 OK for: next@14.2.0 want: ^1.0.30001579
129 silly placeDep ROOT graceful-fs@4.2.11 OK for: next@14.2.0 want: ^4.2.11
130 silly placeDep ROOT postcss@8.4.31 OK for: next@14.2.0 want: 8.4.31
131 silly placeDep ROOT styled-jsx@5.1.1 OK for: next@14.2.0 want: 5.1.1
132 silly fetch manifest tslib@^2.4.0
133 silly fetch manifest @swc/counter@^0.1.3
134 silly fetch manifest streamsearch@^1.1.0
135 silly fetch manifest nanoid@^3.3.6
136 silly fetch manifest picocolors@^1.0.0
137 silly fetch manifest source-map-js@^1.0.2
138 silly fetch manifest client-only@0.0.1
139 http fetch GET 200 https://registry.npmjs.org/streamsearch 99ms (cache revalidated)
140 http fetch GET 200 https://registry.npmjs.org/source-map-js 98ms (cache revalidated)
141 http fetch GET 200 https://registry.npmjs.org/picocolors 103ms (cache revalidated)
142 http fetch GET 200 https://registry.npmjs.org/tslib 107ms (cache revalidated)
143 http fetch GET 200 https://registry.npmjs.org/nanoid 108ms (cache revalidated)
144 http fetch GET 200 https://registry.npmjs.org/client-only 120ms (cache revalidated)
145 http fetch GET 200 https://registry.npmjs.org/@swc%2fcounter 306ms (cache revalidated)
146 timing idealTree:node_modules/next Completed in 353ms
147 timing idealTree:node_modules/@next/env Completed in 0ms
148 timing idealTree:node_modules/@next/swc-darwin-arm64 Completed in 0ms
149 timing idealTree:node_modules/@next/swc-darwin-x64 Completed in 0ms
150 timing idealTree:node_modules/@next/swc-linux-arm64-gnu Completed in 0ms
151 timing idealTree:node_modules/@next/swc-linux-arm64-musl Completed in 0ms
152 timing idealTree:node_modules/@next/swc-linux-x64-gnu Completed in 0ms
153 timing idealTree:node_modules/@next/swc-linux-x64-musl Completed in 0ms
154 timing idealTree:node_modules/@next/swc-win32-arm64-msvc Completed in 0ms
155 timing idealTree:node_modules/@next/swc-win32-ia32-msvc Completed in 0ms
156 timing idealTree:node_modules/@next/swc-win32-x64-msvc Completed in 0ms
157 silly placeDep ROOT @swc/counter@0.1.3 OK for: @swc/helpers@0.5.5 want: ^0.1.3
158 silly placeDep ROOT tslib@2.8.1 OK for: @swc/helpers@0.5.5 want: ^2.4.0
159 timing idealTree:node_modules/@swc/helpers Completed in 3ms
160 timing idealTree:node_modules/@swc/counter Completed in 0ms
161 silly placeDep ROOT streamsearch@1.1.0 OK for: busboy@1.6.0 want: ^1.1.0
162 timing idealTree:node_modules/busboy Completed in 2ms
163 timing idealTree:node_modules/caniuse-lite Completed in 0ms
164 timing idealTree:node_modules/graceful-fs Completed in 0ms
165 silly placeDep ROOT nanoid@3.3.11 OK for: postcss@8.4.31 want: ^3.3.6
166 silly placeDep ROOT picocolors@1.1.1 OK for: postcss@8.4.31 want: ^1.0.0
167 silly placeDep ROOT source-map-js@1.2.1 OK for: postcss@8.4.31 want: ^1.0.2
168 timing idealTree:node_modules/postcss Completed in 4ms
169 timing idealTree:node_modules/nanoid Completed in 0ms
170 timing idealTree:node_modules/picocolors Completed in 0ms
171 silly placeDep ROOT loose-envify@1.4.0 OK for: react@18.3.1 want: ^1.1.0
172 silly fetch manifest js-tokens@^3.0.0 || ^4.0.0
173 http fetch GET 200 https://registry.npmjs.org/js-tokens 106ms (cache revalidated)
174 timing idealTree:node_modules/react Completed in 110ms
175 silly placeDep ROOT js-tokens@4.0.0 OK for: loose-envify@1.4.0 want: ^3.0.0 || ^4.0.0
176 timing idealTree:node_modules/loose-envify Completed in 2ms
177 timing idealTree:node_modules/js-tokens Completed in 0ms
178 silly placeDep ROOT scheduler@0.23.2 OK for: react-dom@18.3.1 want: ^0.23.2
179 timing idealTree:node_modules/react-dom Completed in 2ms
180 timing idealTree:node_modules/scheduler Completed in 0ms
181 timing idealTree:node_modules/source-map-js Completed in 0ms
182 timing idealTree:node_modules/streamsearch Completed in 0ms
183 silly placeDep ROOT client-only@0.0.1 OK for: styled-jsx@5.1.1 want: 0.0.1
184 timing idealTree:node_modules/styled-jsx Completed in 1ms
185 timing idealTree:node_modules/client-only Completed in 0ms
186 timing idealTree:node_modules/tslib Completed in 0ms
187 timing idealTree:node_modules/typescript Completed in 0ms
188 timing idealTree:node_modules/undici-types Completed in 0ms
189 timing idealTree:buildDeps Completed in 5201ms
190 timing idealTree:fixDepFlags Completed in 1ms
191 timing idealTree Completed in 5235ms
192 timing reify:loadTrees Completed in 5238ms
193 timing reify:diffTrees Completed in 2ms
194 silly reify moves {}
195 timing reify:retireShallow Completed in 2ms
196 timing reify:createSparse Completed in 5ms
197 silly reify mark deleted [ '/home/fentyx/lingo/node_modules/@types/node' ]
198 silly reify mark deleted [ '/home/fentyx/lingo/node_modules/@types/react' ]
199 silly reify mark deleted [ '/home/fentyx/lingo/node_modules/@types/react-dom' ]
200 silly reify mark deleted [
200 silly reify   '/home/fentyx/lingo/node_modules/typescript',
200 silly reify   '/home/fentyx/lingo/node_modules/.bin/tsc',
200 silly reify   '/home/fentyx/lingo/node_modules/.bin/tsserver'
200 silly reify ]
201 silly reify mark deleted [ '/home/fentyx/lingo/node_modules/undici-types' ]
202 silly reify mark deleted [ '/home/fentyx/lingo/node_modules/@types/prop-types' ]
203 silly reify mark deleted [ '/home/fentyx/lingo/node_modules/csstype' ]
204 timing reify:trashOmits Completed in 4ms
205 timing reify:loadBundles Completed in 0ms
206 silly audit bulk request {
206 silly audit   next: [ '14.2.0' ],
206 silly audit   react: [ '18.3.1' ],
206 silly audit   'react-dom': [ '18.3.1' ],
206 silly audit   '@next/env': [ '14.2.0' ],
206 silly audit   '@next/swc-darwin-arm64': [ '14.2.0' ],
206 silly audit   '@next/swc-darwin-x64': [ '14.2.0' ],
206 silly audit   '@next/swc-linux-arm64-gnu': [ '14.2.0' ],
206 silly audit   '@next/swc-linux-arm64-musl': [ '14.2.0' ],
206 silly audit   '@next/swc-linux-x64-gnu': [ '14.2.0' ],
206 silly audit   '@next/swc-linux-x64-musl': [ '14.2.0' ],
206 silly audit   '@next/swc-win32-arm64-msvc': [ '14.2.0' ],
206 silly audit   '@next/swc-win32-ia32-msvc': [ '14.2.0' ],
206 silly audit   '@next/swc-win32-x64-msvc': [ '14.2.0' ],
206 silly audit   '@swc/helpers': [ '0.5.5' ],
206 silly audit   busboy: [ '1.6.0' ],
206 silly audit   'caniuse-lite': [ '1.0.30001778' ],
206 silly audit   'graceful-fs': [ '4.2.11' ],
206 silly audit   postcss: [ '8.4.31' ],
206 silly audit   'styled-jsx': [ '5.1.1' ],
206 silly audit   '@swc/counter': [ '0.1.3' ],
206 silly audit   tslib: [ '2.8.1' ],
206 silly audit   streamsearch: [ '1.1.0' ],
206 silly audit   nanoid: [ '3.3.11' ],
206 silly audit   picocolors: [ '1.1.1' ],
206 silly audit   'source-map-js': [ '1.2.1' ],
206 silly audit   'loose-envify': [ '1.4.0' ],
206 silly audit   'js-tokens': [ '4.0.0' ],
206 silly audit   scheduler: [ '0.23.2' ],
206 silly audit   'client-only': [ '0.0.1' ]
206 silly audit }
207 verbose reify failed optional dependency /home/fentyx/lingo/node_modules/@next/swc-win32-x64-msvc
208 silly reify mark deleted [ '/home/fentyx/lingo/node_modules/@next/swc-win32-x64-msvc' ]
209 verbose reify failed optional dependency /home/fentyx/lingo/node_modules/@next/swc-win32-ia32-msvc
210 silly reify mark deleted [ '/home/fentyx/lingo/node_modules/@next/swc-win32-ia32-msvc' ]
211 verbose reify failed optional dependency /home/fentyx/lingo/node_modules/@next/swc-win32-arm64-msvc
212 silly reify mark deleted [ '/home/fentyx/lingo/node_modules/@next/swc-win32-arm64-msvc' ]
213 verbose reify failed optional dependency /home/fentyx/lingo/node_modules/@next/swc-linux-x64-musl
214 silly reify mark deleted [ '/home/fentyx/lingo/node_modules/@next/swc-linux-x64-musl' ]
215 verbose reify failed optional dependency /home/fentyx/lingo/node_modules/@next/swc-linux-arm64-musl
216 silly reify mark deleted [ '/home/fentyx/lingo/node_modules/@next/swc-linux-arm64-musl' ]
217 verbose reify failed optional dependency /home/fentyx/lingo/node_modules/@next/swc-linux-arm64-gnu
218 silly reify mark deleted [ '/home/fentyx/lingo/node_modules/@next/swc-linux-arm64-gnu' ]
219 verbose reify failed optional dependency /home/fentyx/lingo/node_modules/@next/swc-darwin-x64
220 silly reify mark deleted [ '/home/fentyx/lingo/node_modules/@next/swc-darwin-x64' ]
221 verbose reify failed optional dependency /home/fentyx/lingo/node_modules/@next/swc-darwin-arm64
222 silly reify mark deleted [ '/home/fentyx/lingo/node_modules/@next/swc-darwin-arm64' ]
223 timing reifyNode:node_modules/@next/swc-win32-x64-msvc Completed in 89ms
224 timing reifyNode:node_modules/@next/swc-win32-ia32-msvc Completed in 89ms
225 timing reifyNode:node_modules/@next/swc-win32-arm64-msvc Completed in 89ms
226 timing reifyNode:node_modules/@next/swc-linux-x64-musl Completed in 89ms
227 timing reifyNode:node_modules/@next/swc-linux-arm64-musl Completed in 89ms
228 timing reifyNode:node_modules/@next/swc-linux-arm64-gnu Completed in 89ms
229 timing reifyNode:node_modules/@next/swc-darwin-x64 Completed in 89ms
230 timing reifyNode:node_modules/@next/swc-darwin-arm64 Completed in 89ms
231 silly tarball no local data for @next/env@https://registry.npmjs.org/@next/env/-/env-14.2.0.tgz. Extracting by manifest.
232 silly tarball no local data for @next/swc-linux-x64-gnu@https://registry.npmjs.org/@next/swc-linux-x64-gnu/-/swc-linux-x64-gnu-14.2.0.tgz. Extracting by manifest.
233 silly tarball no local data for next@https://registry.npmjs.org/next/-/next-14.2.0.tgz. Extracting by manifest.
234 timing reifyNode:node_modules/client-only Completed in 242ms
235 timing reifyNode:node_modules/@swc/counter Completed in 246ms
236 timing reifyNode:node_modules/js-tokens Completed in 253ms
237 timing reifyNode:node_modules/picocolors Completed in 255ms
238 timing reifyNode:node_modules/graceful-fs Completed in 256ms
239 timing reifyNode:node_modules/loose-envify Completed in 258ms
240 timing reifyNode:node_modules/streamsearch Completed in 268ms
241 http fetch GET 200 https://registry.npmjs.org/@next/env/-/env-14.2.0.tgz 176ms (cache miss)
242 timing reifyNode:node_modules/@next/env Completed in 276ms
243 timing reifyNode:node_modules/tslib Completed in 279ms
244 timing reifyNode:node_modules/scheduler Completed in 288ms
245 timing reifyNode:node_modules/source-map-js Completed in 290ms
246 timing reifyNode:node_modules/nanoid Completed in 289ms
247 timing reifyNode:node_modules/busboy Completed in 299ms
248 timing reifyNode:node_modules/react Completed in 299ms
249 timing reifyNode:node_modules/postcss Completed in 322ms
250 timing reifyNode:node_modules/styled-jsx Completed in 333ms
251 timing reifyNode:node_modules/react-dom Completed in 408ms
252 http fetch POST 200 https://registry.npmjs.org/-/npm/v1/security/advisories/bulk 420ms
253 timing auditReport:getReport Completed in 422ms
254 silly audit report {
254 silly audit report   next: [
254 silly audit report     {
254 silly audit report       id: 1099638,
254 silly audit report       url: 'https://github.com/advisories/GHSA-gp8f-8m3g-qvj9',
254 silly audit report       title: 'Next.js Cache Poisoning',
254 silly audit report       severity: 'high',
254 silly audit report       vulnerable_versions: '>=14.0.0 <14.2.10',
254 silly audit report       cwe: [Array],
254 silly audit report       cvss: [Object]
254 silly audit report     },
254 silly audit report     {
254 silly audit report       id: 1100421,
254 silly audit report       url: 'https://github.com/advisories/GHSA-g77x-44xx-532m',
254 silly audit report       title: 'Denial of Service condition in Next.js image optimization',
254 silly audit report       severity: 'moderate',
254 silly audit report       vulnerable_versions: '>=10.0.0 <14.2.7',
254 silly audit report       cwe: [Array],
254 silly audit report       cvss: [Object]
254 silly audit report     },
254 silly audit report     {
254 silly audit report       id: 1101438,
254 silly audit report       url: 'https://github.com/advisories/GHSA-7m27-7ghc-44w9',
254 silly audit report       title: 'Next.js Allows a Denial of Service (DoS) with Server Actions',
254 silly audit report       severity: 'moderate',
254 silly audit report       vulnerable_versions: '>=14.0.0 <14.2.21',
254 silly audit report       cwe: [Array],
254 silly audit report       cvss: [Object]
254 silly audit report     },
254 silly audit report     {
254 silly audit report       id: 1105461,
254 silly audit report       url: 'https://github.com/advisories/GHSA-3h52-269p-cp9r',
254 silly audit report       title: 'Information exposure in Next.js dev server due to lack of origin verification',
254 silly audit report       severity: 'low',
254 silly audit report       vulnerable_versions: '>=13.0 <14.2.30',
254 silly audit report       cwe: [Array],
254 silly audit report       cvss: [Object]
254 silly audit report     },
254 silly audit report     {
254 silly audit report       id: 1111391,
254 silly audit report       url: 'https://github.com/advisories/GHSA-mwv6-3258-q52c',
254 silly audit report       title: 'Next Vulnerable to Denial of Service with Server Components',
254 silly audit report       severity: 'high',
254 silly audit report       vulnerable_versions: '>=13.3.0 <14.2.34',
254 silly audit report       cwe: [Array],
254 silly audit report       cvss: [Object]
254 silly audit report     },
254 silly audit report     {
254 silly audit report       id: 1107226,
254 silly audit report       url: 'https://github.com/advisories/GHSA-g5qg-72qw-gw5v',
254 silly audit report       title: 'Next.js Affected by Cache Key Confusion for Image Optimization API Routes',
254 silly audit report       severity: 'moderate',
254 silly audit report       vulnerable_versions: '>=0.9.9 <14.2.31',
254 silly audit report       cwe: [Array],
254 silly audit report       cvss: [Object]
254 silly audit report     },
254 silly audit report     {
254 silly audit report       id: 1107420,
254 silly audit report       url: 'https://github.com/advisories/GHSA-7gfc-8cq8-jh5f',
254 silly audit report       title: 'Next.js authorization bypass vulnerability',
254 silly audit report       severity: 'high',
254 silly audit report       vulnerable_versions: '>=9.5.5 <14.2.15',
254 silly audit report       cwe: [Array],
254 silly audit report       cvss: [Object]
254 silly audit report     },
254 silly audit report     {
254 silly audit report       id: 1107512,
254 silly audit report       url: 'https://github.com/advisories/GHSA-4342-x723-ch2f',
254 silly audit report       title: 'Next.js Improper Middleware Redirect Handling Leads to SSRF',
254 silly audit report       severity: 'moderate',
254 silly audit report       vulnerable_versions: '>=0.9.9 <14.2.32',
254 silly audit report       cwe: [Array],
254 silly audit report       cvss: [Object]
254 silly audit report     },
254 silly audit report     {
254 silly audit report       id: 1107513,
254 silly audit report       url: 'https://github.com/advisories/GHSA-xv57-4mr9-wg8v',
254 silly audit report       title: 'Next.js Content Injection Vulnerability for Image Optimization',
254 silly audit report       severity: 'moderate',
254 silly audit report       vulnerable_versions: '>=0.9.9 <14.2.31',
254 silly audit report       cwe: [Array],
254 silly audit report       cvss: [Object]
254 silly audit report     },
254 silly audit report     {
254 silly audit report       id: 1112182,
254 silly audit report       url: 'https://github.com/advisories/GHSA-5j59-xgg2-r9c4',
254 silly audit report       title: 'Next has a Denial of Service with Server Components - Incomplete Fix Follow-Up',
254 silly audit report       severity: 'high',
254 silly audit report       vulnerable_versions: '>=13.3.1-canary.0 <14.2.35',
254 silly audit report       cwe: [Array],
254 silly audit report       cvss: [Object]
254 silly audit report     },
254 silly audit report     {
254 silly audit report       id: 1108291,
254 silly audit report       url: 'https://github.com/advisories/GHSA-qpjv-v59x-3qc4',
254 silly audit report       title: 'Next.js Race Condition to Cache Poisoning',
254 silly audit report       severity: 'low',
254 silly audit report       vulnerable_versions: '>=0.9.9 <14.2.24',
254 silly audit report       cwe: [Array],
254 silly audit report       cvss: [Object]
254 silly audit report     },
254 silly audit report     {
254 silly audit report       id: 1112593,
254 silly audit report       url: 'https://github.com/advisories/GHSA-9g9p-9gw9-jx7f',
254 silly audit report       title: 'Next.js self-hosted applications vulnerable to DoS via Image Optimizer remotePatterns configuration',
254 silly audit report       severity: 'moderate',
254 silly audit report       vulnerable_versions: '>=10.0.0 <15.5.10',
254 silly audit report       cwe: [Array],
254 silly audit report       cvss: [Object]
254 silly audit report     },
254 silly audit report     {
254 silly audit report       id: 1112653,
254 silly audit report       url: 'https://github.com/advisories/GHSA-h25m-26qc-wcjf',
254 silly audit report       title: 'Next.js HTTP request deserialization can lead to DoS when using insecure React Server Components',
254 silly audit report       severity: 'high',
254 silly audit report       vulnerable_versions: '>=13.0.0 <15.0.8',
254 silly audit report       cwe: [Array],
254 silly audit report       cvss: [Object]
254 silly audit report     },
254 silly audit report     {
254 silly audit report       id: 1113689,
254 silly audit report       url: 'https://github.com/advisories/GHSA-f82v-jwr5-mffw',
254 silly audit report       title: 'Authorization Bypass in Next.js Middleware',
254 silly audit report       severity: 'critical',
254 silly audit report       vulnerable_versions: '>=14.0.0 <14.2.25',
254 silly audit report       cwe: [Array],
254 silly audit report       cvss: [Object]
254 silly audit report     }
254 silly audit report   ]
254 silly audit report }
255 timing metavuln:packument:next Completed in 2ms
256 timing metavuln:cache:get:security-advisory:next:A9m47VBQvL++V9EsVwBseCbPrOK9xk7oLIzrStyVB02IketEwhGsklFuhL1oaYPUn8YGmhlTxpFhF93K/Wfw5Q== Completed in 3ms
257 timing metavuln:load:security-advisory:next:1099638 Completed in 149ms
258 timing metavuln:cache:get:security-advisory:next:d2hMvT1neRk1OILN6KsQ2L4sjWpIe19WxzSQJivjdzJVb/hhXgpN5SXMC++Yae4yKIQkpUsP465F2rfLyKo4PA== Completed in 157ms
259 timing metavuln:load:security-advisory:next:1100421 Completed in 251ms
260 timing metavuln:cache:get:security-advisory:next:NpdQYf+4OaOvlNiZgkhHLNCcOTe84gjeay11sdJQ2HSe2hRovddeIJqZfGwiLh+ns7klO1J2oxhVS+ou+h9gmw== Completed in 411ms
261 timing metavuln:load:security-advisory:next:1101438 Completed in 98ms
262 timing metavuln:cache:get:security-advisory:next:WrVaG6WkSvpCYPPQKNUv2SLuXz5XL9xKn9KHPtqw/Y+V4JFUbfvGu7iPZR/4d1/dHzlII2csAkP3UXbKSPpZTA== Completed in 511ms
263 timing metavuln:load:security-advisory:next:1105461 Completed in 109ms
264 timing metavuln:cache:get:security-advisory:next:kXDE+ksbJYUI4TFImWPb/49o4hwXXT1nqPUeSTV/SE/IB3qFFazOXmXgn5PPbKkz9ewVGi6qMNNgGfrNX4hqIg== Completed in 621ms
265 timing metavuln:load:security-advisory:next:1111391 Completed in 111ms
266 timing metavuln:cache:get:security-advisory:next:WQCkHVGQkg6zsfYbmLOI+zBNEYhu4v1g6kXs5vVSFeehybhiXOKxuSPsV71Q4mBoY+gct03Ww794KjXwXHvGWA== Completed in 733ms
267 timing metavuln:load:security-advisory:next:1107226 Completed in 155ms
268 timing metavuln:cache:get:security-advisory:next:1RRZLAEdZ/XleXHoq279ILkZMiKyW77ZwtE5QzPtyre4x1QWgVmP0i9dSfz4gJebeiXjCYB49g8nOIfNiSjcYQ== Completed in 891ms
269 timing metavuln:load:security-advisory:next:1107420 Completed in 144ms
270 timing metavuln:cache:get:security-advisory:next:+SMXIcdP7mb700j3lAUXRoUbwPUmDwsGMfkqi8EBxAInsFmBr7fDz7ceH3WCcBFoF44s9qJcAZp3YRfZSyk8qw== Completed in 1037ms
271 timing metavuln:load:security-advisory:next:1107512 Completed in 170ms
272 timing metavuln:cache:get:security-advisory:next:VmINk4sjQ5jqxRvJ2axYcaD3FqreNBMC4jAobfjDjUAn5dOOUzgsn/LLTyEYZvi7HDGR/ppGR9Jxp8UWVvHDIw== Completed in 1209ms
273 timing metavuln:load:security-advisory:next:1107513 Completed in 144ms
274 timing metavuln:cache:get:security-advisory:next:m1juSglhJQv6nr2Qd3fhaBRO3xSWDkIwePr5Y8MKgwiMDtGjVAtSoOHMXp3f9z6nPLepu8CsJK3YosBO7hEskA== Completed in 1354ms
275 timing metavuln:load:security-advisory:next:1112182 Completed in 106ms
276 timing metavuln:cache:get:security-advisory:next:3YEnowU0F/efIZFkDoFxQZjNq2qcmakBCRjEbrgPcrnqNOUxoJgvhg+PrXGQZbW/4yvsmMJX4gbpxuAhPD8bvg== Completed in 1470ms
277 timing metavuln:load:security-advisory:next:1108291 Completed in 174ms
278 timing metavuln:cache:get:security-advisory:next:unIajp6lhtd8TlnbDyu03O9dAHAdyoPBnRJl7b7wYmHh7QTNefTOT1AH8NOkPJcV47ZUUiH1irG66Xfg+Lfo0g== Completed in 1646ms
279 timing metavuln:load:security-advisory:next:1113689 Completed in 84ms
280 timing metavuln:cache:get:security-advisory:next:owasql2RGfaRn6gCrEIYc1sLXkl1GuxqJbyX4pwqCr7f/tVRvnWuaIoanwkbKZ9RBWsvTnyiF9QrYyjzAdBqCg== Completed in 1750ms
281 timing metavuln:load:security-advisory:next:1112653 Completed in 53ms
282 timing metavuln:calculate:security-advisory:next:1112653 Completed in 1803ms
283 timing metavuln:cache:get:security-advisory:next:ItJZ7qy1iUzxbodxayiejQRfV5cCQvX0fnpMwXLDBxbVruEW2O3qtQbmcGQKdCKBR49CjNmJDt46lWVTov1sQA== Completed in 1804ms
284 timing metavuln:load:security-advisory:next:1112593 Completed in 67ms
285 timing metavuln:calculate:security-advisory:next:1112593 Completed in 1871ms
286 timing metavuln:cache:put:security-advisory:next:A9m47VBQvL++V9EsVwBseCbPrOK9xk7oLIzrStyVB02IketEwhGsklFuhL1oaYPUn8YGmhlTxpFhF93K/Wfw5Q== Completed in 1730ms
287 timing metavuln:calculate:security-advisory:next:1099638 Completed in 1884ms
288 timing metavuln:cache:put:security-advisory:next:NpdQYf+4OaOvlNiZgkhHLNCcOTe84gjeay11sdJQ2HSe2hRovddeIJqZfGwiLh+ns7klO1J2oxhVS+ou+h9gmw== Completed in 1373ms
289 timing metavuln:calculate:security-advisory:next:1101438 Completed in 1883ms
290 timing metavuln:cache:put:security-advisory:next:d2hMvT1neRk1OILN6KsQ2L4sjWpIe19WxzSQJivjdzJVb/hhXgpN5SXMC++Yae4yKIQkpUsP465F2rfLyKo4PA== Completed in 1474ms
291 timing metavuln:calculate:security-advisory:next:1100421 Completed in 1883ms
292 timing metavuln:cache:put:security-advisory:next:1RRZLAEdZ/XleXHoq279ILkZMiKyW77ZwtE5QzPtyre4x1QWgVmP0i9dSfz4gJebeiXjCYB49g8nOIfNiSjcYQ== Completed in 848ms
293 timing metavuln:calculate:security-advisory:next:1107420 Completed in 1883ms
294 timing metavuln:cache:put:security-advisory:next:kXDE+ksbJYUI4TFImWPb/49o4hwXXT1nqPUeSTV/SE/IB3qFFazOXmXgn5PPbKkz9ewVGi6qMNNgGfrNX4hqIg== Completed in 1151ms
295 timing metavuln:calculate:security-advisory:next:1111391 Completed in 1883ms
296 timing metavuln:cache:put:security-advisory:next:VmINk4sjQ5jqxRvJ2axYcaD3FqreNBMC4jAobfjDjUAn5dOOUzgsn/LLTyEYZvi7HDGR/ppGR9Jxp8UWVvHDIw== Completed in 531ms
297 timing metavuln:calculate:security-advisory:next:1107513 Completed in 1884ms
298 timing metavuln:cache:put:security-advisory:next:WrVaG6WkSvpCYPPQKNUv2SLuXz5XL9xKn9KHPtqw/Y+V4JFUbfvGu7iPZR/4d1/dHzlII2csAkP3UXbKSPpZTA== Completed in 1264ms
299 timing metavuln:calculate:security-advisory:next:1105461 Completed in 1884ms
300 timing metavuln:cache:put:security-advisory:next:m1juSglhJQv6nr2Qd3fhaBRO3xSWDkIwePr5Y8MKgwiMDtGjVAtSoOHMXp3f9z6nPLepu8CsJK3YosBO7hEskA== Completed in 424ms
301 timing metavuln:calculate:security-advisory:next:1112182 Completed in 1885ms
302 timing metavuln:cache:put:security-advisory:next:3YEnowU0F/efIZFkDoFxQZjNq2qcmakBCRjEbrgPcrnqNOUxoJgvhg+PrXGQZbW/4yvsmMJX4gbpxuAhPD8bvg== Completed in 240ms
303 timing metavuln:calculate:security-advisory:next:1108291 Completed in 1884ms
304 timing metavuln:cache:put:security-advisory:next:unIajp6lhtd8TlnbDyu03O9dAHAdyoPBnRJl7b7wYmHh7QTNefTOT1AH8NOkPJcV47ZUUiH1irG66Xfg+Lfo0g== Completed in 154ms
305 timing metavuln:calculate:security-advisory:next:1113689 Completed in 1884ms
306 timing metavuln:cache:put:security-advisory:next:WQCkHVGQkg6zsfYbmLOI+zBNEYhu4v1g6kXs5vVSFeehybhiXOKxuSPsV71Q4mBoY+gct03Ww794KjXwXHvGWA== Completed in 997ms
307 timing metavuln:calculate:security-advisory:next:1107226 Completed in 1886ms
308 timing metavuln:cache:put:security-advisory:next:+SMXIcdP7mb700j3lAUXRoUbwPUmDwsGMfkqi8EBxAInsFmBr7fDz7ceH3WCcBFoF44s9qJcAZp3YRfZSyk8qw== Completed in 679ms
309 timing metavuln:calculate:security-advisory:next:1107512 Completed in 1886ms
310 timing auditReport:init Completed in 1931ms
311 timing reify:audit Completed in 2356ms
312 timing reifyNode:node_modules/@swc/helpers Completed in 2507ms
313 timing reifyNode:node_modules/caniuse-lite Completed in 2610ms
314 http fetch GET 200 https://registry.npmjs.org/@next/swc-linux-x64-gnu/-/swc-linux-x64-gnu-14.2.0.tgz 11575ms (cache miss)
315 timing reifyNode:node_modules/@next/swc-linux-x64-gnu Completed in 11677ms
316 http fetch GET 200 https://registry.npmjs.org/next/-/next-14.2.0.tgz 13653ms (cache miss)
317 warn deprecated next@14.2.0: This version has a security vulnerability. Please upgrade to a patched version. See https://nextjs.org/blog/security-update-2025-12-11 for more details.
318 timing reifyNode:node_modules/next Completed in 13756ms
319 timing reify:unpack Completed in 13760ms
320 timing reify:unretire Completed in 1ms
321 timing build:queue Completed in 5ms
322 timing build:link:node_modules/nanoid Completed in 4ms
323 timing build:link:node_modules/loose-envify Completed in 5ms
324 timing build:link:node_modules/next Completed in 3ms
325 timing build:link Completed in 5ms
326 timing build:deps Completed in 10ms
327 timing build Completed in 11ms
328 timing reify:build Completed in 12ms
329 timing reify:trash Completed in 4ms
330 timing reify:save Completed in 23ms
331 timing reify Completed in 19083ms
332 silly ADD node_modules/client-only
333 silly ADD node_modules/scheduler
334 silly ADD node_modules/js-tokens
335 silly ADD node_modules/loose-envify
336 silly ADD node_modules/source-map-js
337 silly ADD node_modules/picocolors
338 silly ADD node_modules/nanoid
339 silly ADD node_modules/streamsearch
340 silly ADD node_modules/tslib
341 silly ADD node_modules/@swc/counter
342 silly ADD node_modules/styled-jsx
343 silly ADD node_modules/postcss
344 silly ADD node_modules/graceful-fs
345 silly ADD node_modules/caniuse-lite
346 silly ADD node_modules/busboy
347 silly ADD node_modules/@swc/helpers
348 silly ADD
349 silly ADD
350 silly ADD
351 silly ADD
352 silly ADD node_modules/@next/swc-linux-x64-gnu
353 silly ADD
354 silly ADD
355 silly ADD
356 silly ADD
357 silly ADD node_modules/@next/env
358 silly ADD
359 silly ADD
360 silly ADD
361 silly ADD
362 silly ADD node_modules/react-dom
363 silly ADD node_modules/react
364 silly ADD node_modules/next
365 silly ADD
366 silly ADD
367 silly ADD
368 timing command:install Completed in 19305ms
369 verbose exit 0
370 timing npm Completed in 19729ms
371 info ok
